[03:09:17.666][INFO][CraftTweaker-EarlyInit]: CraftTweaker is running on a Minecraft 1.20.1 production server modded with platform Forge
[03:09:17.713][INFO][CraftTweaker-EarlyInit]: Successfully injected RecipeFS file system
[03:09:17.794][INFO][CraftTweaker-Plugins]: Successfully identified and loaded plugin crafttweaker:builtin
[03:09:17.795][INFO][CraftTweaker-Plugins]: Successfully identified and loaded plugin crafttweaker:builtin_forge
[03:09:19.030][INFO][CraftTweaker]: The following mods have explicit CraftTweaker support through the default plugin:
[03:09:19.036][INFO][CraftTweaker]: - 'crafttweaker' at version '14.0.57'
[03:09:26.577][INFO][CraftTweaker-ZenCode]: Started loading scripts for loader 'initialize'
[03:09:27.268][INFO][CraftTweaker-ZenCode]: Compiling and executing scripts
[03:09:27.300][INFO][CraftTweaker-ZenCode]: Successfully initialized modules [crafttweaker, expansions]
[03:09:27.446][INFO][CraftTweaker-ZenCode]: Execution for loader 'initialize' completed successfully
[03:09:52.003][INFO][CraftTweaker-ZenCode]: Started loading scripts for loader 'tags'
[03:09:52.077][INFO][CraftTweaker-ZenCode]: Compiling and executing scripts
[03:09:52.124][INFO][CraftTweaker-ZenCode]: Successfully initialized modules [crafttweaker, expansions]
[03:09:52.149][INFO][CraftTweaker-ZenCode]: Execution for loader 'tags' completed successfully
[03:09:53.291][INFO][CraftTweaker]: crafttweaker.reload.start
[03:09:53.297][INFO][CraftTweaker-ZenCode]: Started loading scripts for loader 'crafttweaker'
[03:09:53.380][INFO][CraftTweaker-ZenCode]: Compiling and executing scripts
[03:09:54.435][INFO][CraftTweaker-ZenCode]: Successfully initialized modules [crafttweaker, expansions]
[03:09:54.451][INFO][CraftTweaker-ZenCode]: Loading file 'nerf_hacha.zs' with priority 0
[03:09:54.480][ERROR][CraftTweaker-ZenCode]: nerf_hacha.zs:7:0: nerf_hacha.zs:7:0: No such member: attributeModifiers
[03:09:54.482][ERROR][CraftTweaker-ZenCode]: nerf_hacha.zs:9:0: nerf_hacha.zs:9:0: No such member: attributeModifiers
[03:09:54.483][ERROR][CraftTweaker-ZenCode]: nerf_hacha.zs:10:0: nerf_hacha.zs:10:0: No such member: attributeModifiers
[03:09:54.483][ERROR][CraftTweaker]: Scripts are invalid!
[03:09:54.483][INFO][CraftTweaker-ZenCode]: Execution for loader 'crafttweaker' completed successfully
[03:09:54.485][INFO][CraftTweaker]: crafttweaker.reload.complete
[03:09:54.485][INFO][CraftTweaker]: This reload was made possible by Ncc1702 and more! Become a patron at https://patreon.com/jaredlll08?s=crtmod
