[02Jul2025 00:29:07.105] [Server thread/INFO] [net.minecraft.server.network.ServerGamePacketListenerImpl/]: MirsWATF lost connection: Disconnected
[02Jul2025 00:29:07.107] [Server thread/INFO] [net.minecraft.server.MinecraftServer/]: MirsWATF left the game
[02Jul2025 00:31:16.955] [Server thread/INFO] [net.minecraft.server.MinecraftServer/]: Stopping the server
[02Jul2025 00:31:17.000] [Server thread/INFO] [net.minecraft.server.MinecraftServer/]: Stopping server
[02Jul2025 00:31:17.001] [Server thread/INFO] [net.minecraft.server.MinecraftServer/]: Saving players
[02Jul2025 00:31:17.001] [Server thread/INFO] [net.minecraft.server.MinecraftServer/]: Saving worlds
[02Jul2025 00:31:17.131] [Server thread/INFO] [net.minecraft.server.MinecraftServer/]: Saving chunks for level 'ServerLevel[world]'/minecraft:overworld
[02Jul2025 00:31:17.233] [Server thread/INFO] [net.minecraft.server.MinecraftServer/]: Saving chunks for level 'ServerLevel[world]'/ad_astra:mars_orbit
[02Jul2025 00:31:17.235] [Server thread/INFO] [net.minecraft.server.MinecraftServer/]: Saving chunks for level 'ServerLevel[world]'/ad_astra:moon
[02Jul2025 00:31:17.235] [Server thread/INFO] [net.minecraft.server.MinecraftServer/]: Saving chunks for level 'ServerLevel[world]'/minecraft:the_nether
[02Jul2025 00:31:17.236] [Server thread/INFO] [net.minecraft.server.MinecraftServer/]: Saving chunks for level 'ServerLevel[world]'/graveyard:past
[02Jul2025 00:31:17.236] [Server thread/INFO] [net.minecraft.server.MinecraftServer/]: Saving chunks for level 'ServerLevel[world]'/ad_astra:mercury
[02Jul2025 00:31:17.237] [Server thread/INFO] [net.minecraft.server.MinecraftServer/]: Saving chunks for level 'ServerLevel[world]'/ad_astra:venus
[02Jul2025 00:31:17.238] [Server thread/INFO] [net.minecraft.server.MinecraftServer/]: Saving chunks for level 'ServerLevel[world]'/minecraft:the_end
[02Jul2025 00:31:17.239] [Server thread/INFO] [net.minecraft.server.MinecraftServer/]: Saving chunks for level 'ServerLevel[world]'/ad_astra:earth_orbit
[02Jul2025 00:31:17.239] [Server thread/INFO] [net.minecraft.server.MinecraftServer/]: Saving chunks for level 'ServerLevel[world]'/ad_astra:glacio_orbit
[02Jul2025 00:31:17.240] [Server thread/INFO] [net.minecraft.server.MinecraftServer/]: Saving chunks for level 'ServerLevel[world]'/ad_astra:mercury_orbit
[02Jul2025 00:31:17.241] [Server thread/INFO] [net.minecraft.server.MinecraftServer/]: Saving chunks for level 'ServerLevel[world]'/ad_astra:mars
[02Jul2025 00:31:17.241] [Server thread/INFO] [net.minecraft.server.MinecraftServer/]: Saving chunks for level 'ServerLevel[world]'/ad_astra:venus_orbit
[02Jul2025 00:31:17.243] [Server thread/INFO] [net.minecraft.server.MinecraftServer/]: Saving chunks for level 'ServerLevel[world]'/ad_astra:glacio
[02Jul2025 00:31:17.243] [Server thread/INFO] [net.minecraft.server.MinecraftServer/]: Saving chunks for level 'ServerLevel[world]'/ad_astra:moon_orbit
[02Jul2025 00:31:17.359] [Server thread/INFO] [net.minecraft.server.MinecraftServer/]: ThreadedAnvilChunkStorage (world): All chunks are saved
[02Jul2025 00:31:17.359] [Server thread/INFO] [net.minecraft.server.MinecraftServer/]: ThreadedAnvilChunkStorage (mars_orbit): All chunks are saved
[02Jul2025 00:31:17.359] [Server thread/INFO] [net.minecraft.server.MinecraftServer/]: ThreadedAnvilChunkStorage (moon): All chunks are saved
[02Jul2025 00:31:17.360] [Server thread/INFO] [net.minecraft.server.MinecraftServer/]: ThreadedAnvilChunkStorage (DIM-1): All chunks are saved
[02Jul2025 00:31:17.360] [Server thread/INFO] [net.minecraft.server.MinecraftServer/]: ThreadedAnvilChunkStorage (past): All chunks are saved
[02Jul2025 00:31:17.360] [Server thread/INFO] [net.minecraft.server.MinecraftServer/]: ThreadedAnvilChunkStorage (mercury): All chunks are saved
[02Jul2025 00:31:17.360] [Server thread/INFO] [net.minecraft.server.MinecraftServer/]: ThreadedAnvilChunkStorage (venus): All chunks are saved
[02Jul2025 00:31:17.360] [Server thread/INFO] [net.minecraft.server.MinecraftServer/]: ThreadedAnvilChunkStorage (DIM1): All chunks are saved
[02Jul2025 00:31:17.360] [Server thread/INFO] [net.minecraft.server.MinecraftServer/]: ThreadedAnvilChunkStorage (earth_orbit): All chunks are saved
[02Jul2025 00:31:17.360] [Server thread/INFO] [net.minecraft.server.MinecraftServer/]: ThreadedAnvilChunkStorage (glacio_orbit): All chunks are saved
[02Jul2025 00:31:17.360] [Server thread/INFO] [net.minecraft.server.MinecraftServer/]: ThreadedAnvilChunkStorage (mercury_orbit): All chunks are saved
[02Jul2025 00:31:17.360] [Server thread/INFO] [net.minecraft.server.MinecraftServer/]: ThreadedAnvilChunkStorage (mars): All chunks are saved
[02Jul2025 00:31:17.360] [Server thread/INFO] [net.minecraft.server.MinecraftServer/]: ThreadedAnvilChunkStorage (venus_orbit): All chunks are saved
[02Jul2025 00:31:17.360] [Server thread/INFO] [net.minecraft.server.MinecraftServer/]: ThreadedAnvilChunkStorage (glacio): All chunks are saved
[02Jul2025 00:31:17.360] [Server thread/INFO] [net.minecraft.server.MinecraftServer/]: ThreadedAnvilChunkStorage (moon_orbit): All chunks are saved
[02Jul2025 00:31:17.360] [Server thread/INFO] [net.minecraft.server.MinecraftServer/]: ThreadedAnvilChunkStorage: All dimensions are saved
[02Jul2025 00:31:17.459] [Server thread/INFO] [Framework/]: Unloading server configs...
[02Jul2025 00:31:17.460] [Server thread/INFO] [Framework/]: Sending config unload event for goblintraders-entities.toml
[02Jul2025 00:31:17.465] [Server thread/INFO] [Framework/]: Finished unloading server configs
